<?xml version="1.0" encoding="UTF-8"?>
<!-- Generated by org.testng.reporters.JUnitReportReporter -->
<testsuite skipped="1" hostname="DT-TECH-3099" name="com.project.mavensampleprojct.TC_005" tests="2" failures="0" timestamp="14 Aug 2019 11:16:39 GMT" time="46.087" errors="0">
  <testcase name="autoRegistration" time="46.087" classname="com.project.mavensampleprojct.TC_005"/>
  <testcase name="automationLogin" classname="com.project.mavensampleprojct.TC_005">
    <skipped/>
  </testcase> <!-- automationLogin -->
</testsuite> <!-- com.project.mavensampleprojct.TC_005 -->
