<?xml version="1.0" encoding="UTF-8"?>
<!-- Generated by org.testng.reporters.JUnitReportReporter -->
<testsuite skipped="0" hostname="DT-TECH-3099" name="com.project.mavensampleprojct.TC_002" tests="1" failures="0" timestamp="06 Aug 2019 10:01:10 GMT" time="0.003" errors="0">
  <testcase name="f" time="0.003" classname="com.project.mavensampleprojct.TC_002"/>
</testsuite> <!-- com.project.mavensampleprojct.TC_002 -->
